<?xml version="1.0" encoding="UTF-8"?>
<!-- Generated by org.testng.reporters.JUnitXMLReporter -->
<testsuite ignored="0" hostname="DESKTOP-GHVNQT5" failures="13" tests="14" name="Surefire test" time="38.352" errors="0" timestamp="2025-05-25T13:24:32 EDT">
  <testcase classname="PageTests.HomePageTest" name="TestCourseCount" time="30.015">
    <failure type="com.microsoft.playwright.TimeoutError" message="Error {
  message=&amp;apos;Timeout 30000ms exceeded.
  name=&amp;apos;TimeoutError
  stack=&amp;apos;TimeoutError: Timeout 30000ms exceeded.
    at ProgressController.run (C:\Users\Aditi\AppData\Local\Temp\playwright-java-2392817393829042585\package\lib\server\progress.js:75:26)
    at Frame.waitForSelector (C:\Users\Aditi\AppData\Local\Temp\playwright-java-2392817393829042585\package\lib\server\frames.js:629:23)
    at FrameDispatcher.waitForSelector (C:\Users\Aditi\AppData\Local\Temp\playwright-java-2392817393829042585\package\lib\server\dispatchers\frameDispatcher.js:105:103)
    at FrameDispatcher._handleCommand (C:\Users\Aditi\AppData\Local\Temp\playwright-java-2392817393829042585\package\lib\server\dispatchers\dispatcher.js:96:40)
    at DispatcherConnection.dispatch (C:\Users\Aditi\AppData\Local\Temp\playwright-java-2392817393829042585\package\lib\server\dispatchers\dispatcher.js:366:39)
}
Call log:
-   - waiting for locator(&amp;quot;//div[@class = &amp;apos;course-card row&amp;apos;]&amp;quot;) to be visible
">
      <![CDATA[com.microsoft.playwright.TimeoutError: Error {
  message='Timeout 30000ms exceeded.
  name='TimeoutError
  stack='TimeoutError: Timeout 30000ms exceeded.
    at ProgressController.run (C:\Users\Aditi\AppData\Local\Temp\playwright-java-2392817393829042585\package\lib\server\progress.js:75:26)
    at Frame.waitForSelector (C:\Users\Aditi\AppData\Local\Temp\playwright-java-2392817393829042585\package\lib\server\frames.js:629:23)
    at FrameDispatcher.waitForSelector (C:\Users\Aditi\AppData\Local\Temp\playwright-java-2392817393829042585\package\lib\server\dispatchers\frameDispatcher.js:105:103)
    at FrameDispatcher._handleCommand (C:\Users\Aditi\AppData\Local\Temp\playwright-java-2392817393829042585\package\lib\server\dispatchers\dispatcher.js:96:40)
    at DispatcherConnection.dispatch (C:\Users\Aditi\AppData\Local\Temp\playwright-java-2392817393829042585\package\lib\server\dispatchers\dispatcher.js:366:39)
}
Call log:
-   - waiting for locator("//div[@class = 'course-card row']") to be visible

at com.microsoft.playwright.impl.WaitableResult.get(WaitableResult.java:52)
at com.microsoft.playwright.impl.ChannelOwner.runUntil(ChannelOwner.java:132)
at com.microsoft.playwright.impl.Connection.sendMessage(Connection.java:130)
at com.microsoft.playwright.impl.ChannelOwner.sendMessage(ChannelOwner.java:118)
at com.microsoft.playwright.impl.FrameImpl.waitForSelectorImpl(FrameImpl.java:1060)
at com.microsoft.playwright.impl.FrameImpl.waitForSelectorImpl(FrameImpl.java:1050)
at com.microsoft.playwright.impl.PageImpl.lambda$waitForSelector$95(PageImpl.java:1590)
at com.microsoft.playwright.impl.LoggingSupport.withLogging(LoggingSupport.java:47)
at com.microsoft.playwright.impl.ChannelOwner.withLogging(ChannelOwner.java:97)
at com.microsoft.playwright.impl.PageImpl.waitForSelector(PageImpl.java:1589)
at com.microsoft.playwright.Page.waitForSelector(Page.java:8304)
at Pages.HomePage.verifyCourseCount(HomePage.java:24)
at PageTests.HomePageTest.TestCourseCount(HomePageTest.java:37)
at java.base/java.util.ArrayList.forEach(ArrayList.java:1596)
Caused by: com.microsoft.playwright.TimeoutError: Error {
  message='Timeout 30000ms exceeded.
  name='TimeoutError
  stack='TimeoutError: Timeout 30000ms exceeded.
    at ProgressController.run (C:\Users\Aditi\AppData\Local\Temp\playwright-java-2392817393829042585\package\lib\server\progress.js:75:26)
    at Frame.waitForSelector (C:\Users\Aditi\AppData\Local\Temp\playwright-java-2392817393829042585\package\lib\server\frames.js:629:23)
    at FrameDispatcher.waitForSelector (C:\Users\Aditi\AppData\Local\Temp\playwright-java-2392817393829042585\package\lib\server\dispatchers\frameDispatcher.js:105:103)
    at FrameDispatcher._handleCommand (C:\Users\Aditi\AppData\Local\Temp\playwright-java-2392817393829042585\package\lib\server\dispatchers\dispatcher.js:96:40)
    at DispatcherConnection.dispatch (C:\Users\Aditi\AppData\Local\Temp\playwright-java-2392817393829042585\package\lib\server\dispatchers\dispatcher.js:366:39)
}
Call log:
-   - waiting for locator("//div[@class = 'course-card row']") to be visible

at com.microsoft.playwright.impl.Connection.dispatch(Connection.java:254)
at com.microsoft.playwright.impl.Connection.processOneMessage(Connection.java:211)
at com.microsoft.playwright.impl.ChannelOwner.runUntil(ChannelOwner.java:130)
... 42 more
... Removed 30 stack frames]]>
    </failure>
  </testcase> <!-- TestCourseCount -->
  <testcase classname="PageTests.HomePageTest" name="TestHomeFooter" time="0.016">
    <failure type="java.lang.AssertionError" message="expected [4] but found [0]">
      <![CDATA[java.lang.AssertionError: expected [4] but found [0]
at PageTests.HomePageTest.TestHomeFooter(HomePageTest.java:42)
at java.base/java.util.ArrayList.forEach(ArrayList.java:1596)
... Removed 37 stack frames]]>
    </failure>
  </testcase> <!-- TestHomeFooter -->
  <testcase classname="PageTests.HomePageTest" name="TestHomePageTitle" time="0.0">
    <failure type="java.lang.AssertionError" message="expected [Learn Automation Courses] but found []">
      <![CDATA[java.lang.AssertionError: expected [Learn Automation Courses] but found []
at PageTests.HomePageTest.TestHomePageTitle(HomePageTest.java:32)
at java.base/java.util.ArrayList.forEach(ArrayList.java:1596)
... Removed 36 stack frames]]>
    </failure>
  </testcase> <!-- TestHomePageTitle -->
  <testcase classname="PageTests.HomePageTest" name="TestHomePageURL" time="3.442"/>
  <testcase classname="PageTests.SignUpPageTest" name="TestEnterEmail" time="0.0">
    <failure type="java.lang.NullPointerException" message="Cannot invoke &amp;quot;com.microsoft.playwright.Page.getByPlaceholder(String)&amp;quot; because &amp;quot;this.page&amp;quot; is null">
      <![CDATA[java.lang.NullPointerException: Cannot invoke "com.microsoft.playwright.Page.getByPlaceholder(String)" because "this.page" is null
at Pages.SignUpPage.verifyEmail(SignUpPage.java:26)
at PageTests.SignUpPageTest.TestEnterEmail(SignUpPageTest.java:30)
at java.base/java.util.ArrayList.forEach(ArrayList.java:1596)
... Removed 30 stack frames]]>
    </failure>
  </testcase> <!-- TestEnterEmail -->
  <testcase classname="PageTests.SignUpPageTest" name="TestEnterName" time="0.0">
    <failure type="java.lang.NullPointerException" message="Cannot invoke &amp;quot;com.microsoft.playwright.Page.getByPlaceholder(String)&amp;quot; because &amp;quot;this.page&amp;quot; is null">
      <![CDATA[java.lang.NullPointerException: Cannot invoke "com.microsoft.playwright.Page.getByPlaceholder(String)" because "this.page" is null
at Pages.SignUpPage.verifyName(SignUpPage.java:22)
at PageTests.SignUpPageTest.TestEnterName(SignUpPageTest.java:24)
at java.base/java.util.ArrayList.forEach(ArrayList.java:1596)
... Removed 30 stack frames]]>
    </failure>
  </testcase> <!-- TestEnterName -->
  <testcase classname="PageTests.SignUpPageTest" name="TestEnterPassword" time="0.0">
    <failure type="java.lang.NullPointerException" message="Cannot invoke &amp;quot;com.microsoft.playwright.Page.getByPlaceholder(String)&amp;quot; because &amp;quot;this.page&amp;quot; is null">
      <![CDATA[java.lang.NullPointerException: Cannot invoke "com.microsoft.playwright.Page.getByPlaceholder(String)" because "this.page" is null
at Pages.SignUpPage.verifyEmail(SignUpPage.java:26)
at PageTests.SignUpPageTest.TestEnterPassword(SignUpPageTest.java:35)
at java.base/java.util.ArrayList.forEach(ArrayList.java:1596)
... Removed 30 stack frames]]>
    </failure>
  </testcase> <!-- TestEnterPassword -->
  <testcase classname="PageTests.SignUpPageTest" name="TestGenderSelection" time="0.0">
    <failure type="java.lang.NullPointerException" message="Cannot invoke &amp;quot;com.microsoft.playwright.Page.locator(String)&amp;quot; because &amp;quot;this.page&amp;quot; is null">
      <![CDATA[java.lang.NullPointerException: Cannot invoke "com.microsoft.playwright.Page.locator(String)" because "this.page" is null
at Pages.SignUpPage.verifyGenderSelection(SignUpPage.java:43)
at PageTests.SignUpPageTest.TestGenderSelection(SignUpPageTest.java:52)
at java.base/java.util.ArrayList.forEach(ArrayList.java:1596)
... Removed 30 stack frames]]>
    </failure>
  </testcase> <!-- TestGenderSelection -->
  <testcase classname="PageTests.SignUpPageTest" name="TestHobbiesSelection" time="0.0">
    <failure type="java.lang.NullPointerException" message="Cannot invoke &amp;quot;com.microsoft.playwright.Page.locator(String)&amp;quot; because &amp;quot;this.page&amp;quot; is null">
      <![CDATA[java.lang.NullPointerException: Cannot invoke "com.microsoft.playwright.Page.locator(String)" because "this.page" is null
at Pages.SignUpPage.verifyHobbiesSelection(SignUpPage.java:53)
at PageTests.SignUpPageTest.TestHobbiesSelection(SignUpPageTest.java:62)
at java.base/java.util.ArrayList.forEach(ArrayList.java:1596)
... Removed 30 stack frames]]>
    </failure>
  </testcase> <!-- TestHobbiesSelection -->
  <testcase classname="PageTests.SignUpPageTest" name="TestInterestSelection" time="0.0">
    <failure type="java.lang.NullPointerException" message="Cannot invoke &amp;quot;com.microsoft.playwright.Page.locator(String)&amp;quot; because &amp;quot;this.page&amp;quot; is null">
      <![CDATA[java.lang.NullPointerException: Cannot invoke "com.microsoft.playwright.Page.locator(String)" because "this.page" is null
at Pages.SignUpPage.verifyInterestSelection(SignUpPage.java:37)
at PageTests.SignUpPageTest.TestInterestSelection(SignUpPageTest.java:47)
at java.base/java.util.ArrayList.forEach(ArrayList.java:1596)
... Removed 30 stack frames]]>
    </failure>
  </testcase> <!-- TestInterestSelection -->
  <testcase classname="PageTests.SignUpPageTest" name="TestInterestValuesCount" time="0.0">
    <failure type="java.lang.NullPointerException" message="Cannot invoke &amp;quot;com.microsoft.playwright.Page.locator(String)&amp;quot; because &amp;quot;this.page&amp;quot; is null">
      <![CDATA[java.lang.NullPointerException: Cannot invoke "com.microsoft.playwright.Page.locator(String)" because "this.page" is null
at Pages.SignUpPage.verifyInterestsCount(SignUpPage.java:32)
at PageTests.SignUpPageTest.TestInterestValuesCount(SignUpPageTest.java:40)
at java.base/java.util.ArrayList.forEach(ArrayList.java:1596)
... Removed 30 stack frames]]>
    </failure>
  </testcase> <!-- TestInterestValuesCount -->
  <testcase classname="PageTests.SignUpPageTest" name="TestSignUpClick" time="0.0">
    <failure type="java.lang.NullPointerException" message="Cannot invoke &amp;quot;com.microsoft.playwright.Page.locator(String)&amp;quot; because &amp;quot;this.page&amp;quot; is null">
      <![CDATA[java.lang.NullPointerException: Cannot invoke "com.microsoft.playwright.Page.locator(String)" because "this.page" is null
at Pages.SignUpPage.verifySignUpButton(SignUpPage.java:56)
at PageTests.SignUpPageTest.TestSignUpClick(SignUpPageTest.java:67)
at java.base/java.util.ArrayList.forEach(ArrayList.java:1596)
... Removed 30 stack frames]]>
    </failure>
  </testcase> <!-- TestSignUpClick -->
  <testcase classname="PageTests.SignUpPageTest" name="TestSignUpTitle" time="0.0">
    <failure type="java.lang.NullPointerException" message="Cannot invoke &amp;quot;com.microsoft.playwright.Page.getByText(String)&amp;quot; because &amp;quot;this.page&amp;quot; is null">
      <![CDATA[java.lang.NullPointerException: Cannot invoke "com.microsoft.playwright.Page.getByText(String)" because "this.page" is null
at Pages.SignUpPage.verifySignUpPageTitle(SignUpPage.java:19)
at PageTests.SignUpPageTest.TestSignUpTitle(SignUpPageTest.java:18)
at java.base/java.util.ArrayList.forEach(ArrayList.java:1596)
... Removed 30 stack frames]]>
    </failure>
  </testcase> <!-- TestSignUpTitle -->
  <testcase classname="PageTests.SignUpPageTest" name="TestStateSelection" time="0.0">
    <failure type="java.lang.NullPointerException" message="Cannot invoke &amp;quot;com.microsoft.playwright.Page.locator(String)&amp;quot; because &amp;quot;this.page&amp;quot; is null">
      <![CDATA[java.lang.NullPointerException: Cannot invoke "com.microsoft.playwright.Page.locator(String)" because "this.page" is null
at Pages.SignUpPage.verifyGenderSelection(SignUpPage.java:43)
at PageTests.SignUpPageTest.TestStateSelection(SignUpPageTest.java:57)
at java.base/java.util.ArrayList.forEach(ArrayList.java:1596)
... Removed 30 stack frames]]>
    </failure>
  </testcase> <!-- TestStateSelection -->
</testsuite> <!-- Surefire test -->
